<?xml version="1.0" encoding="UTF-8"?>
<!-- Generated by org.testng.reporters.JUnitXMLReporter -->
<testsuite ignored="0" hostname="VAIO" failures="0" tests="4" name="Default test" time="68.955" errors="0" timestamp="2019-11-14T13:03:59 IST">
  <testcase classname="com.automation.testscripts.DataDriven.TC_01_CreateEmployee" name="createEmployee" time="18.568"/>
  <testcase classname="com.automation.testscripts.DataDriven.TC_01_CreateEmployee" name="createEmployee" time="12.722"/>
  <testcase classname="com.automation.testscripts.DataDriven.TC_01_CreateEmployee" name="createEmployee" time="12.168"/>
  <testcase classname="com.automation.testscripts.DataDriven.TC_01_CreateEmployee" name="createEmployee" time="12.789"/>
</testsuite> <!-- Default test -->
