<?xml version="1.0" encoding="UTF-8"?>
<!-- Generated by org.testng.reporters.JUnitXMLReporter -->
<testsuite ignored="0" hostname="VAIO" failures="1" tests="1" name="Test" time="11.946" errors="0" timestamp="2019-11-14T12:21:41 IST">
  <testcase classname="com.automation.testscripts.DataDriven.TC_01_CreateEmployee" name="createEmployee" time="0.0">
    <failure type="org.testng.TestNGException" message="
Method public void com.automation.testscripts.DataDriven.TC_01_CreateEmployee.createEmployee(java.lang.String,java.lang.String,java.lang.String,java.lang.String) throws java.lang.Exception requires a @DataProvider named : getTestData">
      <![CDATA[org.testng.TestNGException: 
Method public void com.automation.testscripts.DataDriven.TC_01_CreateEmployee.createEmployee(java.lang.String,java.lang.String,java.lang.String,java.lang.String) throws java.lang.Exception requires a @DataProvider named : getTestData
at java.base/java.util.ArrayList.forEach(ArrayList.java:1507)
... Removed 24 stack frames]]>
    </failure>
  </testcase> <!-- createEmployee -->
</testsuite> <!-- Test -->
