<?xml version="1.0" encoding="UTF-8"?>
<testng-results ignored="0" total="4" passed="4" failed="0" skipped="0">
  <reporter-output>
  </reporter-output>
  <suite started-at="2019-11-14T13:02:50 IST" name="Default suite" finished-at="2019-11-14T13:03:59 IST" duration-ms="68955">
    <groups>
    </groups>
    <test started-at="2019-11-14T13:02:50 IST" name="Default test" finished-at="2019-11-14T13:03:59 IST" duration-ms="68955">
      <class name="com.automation.testscripts.DataDriven.TC_01_CreateEmployee">
        <test-method is-config="true" signature="init()[pri:0, instance:com.automation.testscripts.DataDriven.TC_01_CreateEmployee@6193932a]" started-at="2019-11-14T13:02:50 IST" name="init" finished-at="2019-11-14T13:03:01 IST" duration-ms="11149" status="PASS">
          <reporter-output>
          </reporter-output>
        </test-method> <!-- init -->
        <test-method signature="createEmployee(java.lang.String, java.lang.String, java.lang.String, java.lang.String)[pri:0, instance:com.automation.testscripts.DataDriven.TC_01_CreateEmployee@6193932a]" started-at="2019-11-14T13:03:02 IST" name="createEmployee" data-provider="getTestData" finished-at="2019-11-14T13:03:21 IST" duration-ms="18568" status="PASS">
          <params>
            <param index="0">
              <value>
                <![CDATA[Admin]]>
              </value>
            </param>
            <param index="1">
              <value>
                <![CDATA[admin123]]>
              </value>
            </param>
            <param index="2">
              <value>
                <![CDATA[Sriram]]>
              </value>
            </param>
            <param index="3">
              <value>
                <![CDATA[J]]>
              </value>
            </param>
          </params>
          <reporter-output>
          </reporter-output>
        </test-method> <!-- createEmployee -->
        <test-method signature="createEmployee(java.lang.String, java.lang.String, java.lang.String, java.lang.String)[pri:0, instance:com.automation.testscripts.DataDriven.TC_01_CreateEmployee@6193932a]" started-at="2019-11-14T13:03:21 IST" name="createEmployee" data-provider="getTestData" finished-at="2019-11-14T13:03:33 IST" duration-ms="12722" status="PASS">
          <params>
            <param index="0">
              <value>
                <![CDATA[Admin]]>
              </value>
            </param>
            <param index="1">
              <value>
                <![CDATA[admin123]]>
              </value>
            </param>
            <param index="2">
              <value>
                <![CDATA[krishna]]>
              </value>
            </param>
            <param index="3">
              <value>
                <![CDATA[J]]>
              </value>
            </param>
          </params>
          <reporter-output>
          </reporter-output>
        </test-method> <!-- createEmployee -->
        <test-method signature="createEmployee(java.lang.String, java.lang.String, java.lang.String, java.lang.String)[pri:0, instance:com.automation.testscripts.DataDriven.TC_01_CreateEmployee@6193932a]" started-at="2019-11-14T13:03:33 IST" name="createEmployee" data-provider="getTestData" finished-at="2019-11-14T13:03:46 IST" duration-ms="12168" status="PASS">
          <params>
            <param index="0">
              <value>
                <![CDATA[Admin]]>
              </value>
            </param>
            <param index="1">
              <value>
                <![CDATA[admin123]]>
              </value>
            </param>
            <param index="2">
              <value>
                <![CDATA[siva]]>
              </value>
            </param>
            <param index="3">
              <value>
                <![CDATA[J]]>
              </value>
            </param>
          </params>
          <reporter-output>
          </reporter-output>
        </test-method> <!-- createEmployee -->
        <test-method signature="createEmployee(java.lang.String, java.lang.String, java.lang.String, java.lang.String)[pri:0, instance:com.automation.testscripts.DataDriven.TC_01_CreateEmployee@6193932a]" started-at="2019-11-14T13:03:46 IST" name="createEmployee" data-provider="getTestData" finished-at="2019-11-14T13:03:58 IST" duration-ms="12789" status="PASS">
          <params>
            <param index="0">
              <value>
                <![CDATA[Admin]]>
              </value>
            </param>
            <param index="1">
              <value>
                <![CDATA[admin123]]>
              </value>
            </param>
            <param index="2">
              <value>
                <![CDATA[surya]]>
              </value>
            </param>
            <param index="3">
              <value>
                <![CDATA[J]]>
              </value>
            </param>
          </params>
          <reporter-output>
          </reporter-output>
        </test-method> <!-- createEmployee -->
        <test-method is-config="true" signature="destroy()[pri:0, instance:com.automation.testscripts.DataDriven.TC_01_CreateEmployee@6193932a]" started-at="2019-11-14T13:03:58 IST" name="destroy" finished-at="2019-11-14T13:03:59 IST" duration-ms="717" status="PASS">
          <reporter-output>
          </reporter-output>
        </test-method> <!-- destroy -->
      </class> <!-- com.automation.testscripts.DataDriven.TC_01_CreateEmployee -->
    </test> <!-- Default test -->
  </suite> <!-- Default suite -->
</testng-results>
